<?xml version="1.0" encoding="UTF-8"?>
<testsuite name="it.uniba.elements.TestGameMap" tests="72" skipped="0" failures="0" errors="0" timestamp="2023-07-17T08:27:40" hostname="ELIA_LAPTOP" time="2.05">
  <properties/>
  <testcase name="testShotValidShotOnEmptySlotShouldReturnMiss(): verifica che il risultato dello sparo sia MISS" classname="it.uniba.elements.TestGameMap" time="0.045"/>
  <testcase name="testResetEnemies():Test verifica che la lista delle navi sia stata resettata correttamente" classname="it.uniba.elements.TestGameMap" time="0.002"/>
  <testcase name="testCannotPlaceShipBecauseItsOutsideMap():Test che verifica che non sia possibile posizionare una nave fuori dalla mappa" classname="it.uniba.elements.TestGameMap" time="0.01"/>
  <testcase name="testShipsIstancesOnTheMapNotMoreThan10():Test che verifica che il numero di istanze di nave non siano al di sopra di 10" classname="it.uniba.elements.TestGameMap" time="0.027"/>
  <testcase name="repetition 1 of 20" classname="it.uniba.elements.TestGameMap" time="0.04"/>
  <testcase name="repetition 2 of 20" classname="it.uniba.elements.TestGameMap" time="0.003"/>
  <testcase name="repetition 3 of 20" classname="it.uniba.elements.TestGameMap" time="0.012"/>
  <testcase name="repetition 4 of 20" classname="it.uniba.elements.TestGameMap" time="0.018"/>
  <testcase name="repetition 5 of 20" classname="it.uniba.elements.TestGameMap" time="0.049"/>
  <testcase name="repetition 6 of 20" classname="it.uniba.elements.TestGameMap" time="0.002"/>
  <testcase name="repetition 7 of 20" classname="it.uniba.elements.TestGameMap" time="0.002"/>
  <testcase name="repetition 8 of 20" classname="it.uniba.elements.TestGameMap" time="0.002"/>
  <testcase name="repetition 9 of 20" classname="it.uniba.elements.TestGameMap" time="0.002"/>
  <testcase name="repetition 10 of 20" classname="it.uniba.elements.TestGameMap" time="0.089"/>
  <testcase name="repetition 11 of 20" classname="it.uniba.elements.TestGameMap" time="0.009"/>
  <testcase name="repetition 12 of 20" classname="it.uniba.elements.TestGameMap" time="0.004"/>
  <testcase name="repetition 13 of 20" classname="it.uniba.elements.TestGameMap" time="0.032"/>
  <testcase name="repetition 14 of 20" classname="it.uniba.elements.TestGameMap" time="0.021"/>
  <testcase name="repetition 15 of 20" classname="it.uniba.elements.TestGameMap" time="0.025"/>
  <testcase name="repetition 16 of 20" classname="it.uniba.elements.TestGameMap" time="0.006"/>
  <testcase name="repetition 17 of 20" classname="it.uniba.elements.TestGameMap" time="0.002"/>
  <testcase name="repetition 18 of 20" classname="it.uniba.elements.TestGameMap" time="0.003"/>
  <testcase name="repetition 19 of 20" classname="it.uniba.elements.TestGameMap" time="0.003"/>
  <testcase name="repetition 20 of 20" classname="it.uniba.elements.TestGameMap" time="0.002"/>
  <testcase name="testResetAllowed():Test verifica che la lista degli slot utilizzabili sia stata resettata correttamente" classname="it.uniba.elements.TestGameMap" time="0.002"/>
  <testcase name="testCannotPlaceShipBecauseItsAlreadyAShip():Test che verifica che non sia possibile posizionare una nave in una cella già occupata" classname="it.uniba.elements.TestGameMap" time="0.003"/>
  <testcase name="testPlaceAllShipsValidPlacementShouldReturnTrue(): verifica che tutte le navi siano state posizionate correttamente" classname="it.uniba.elements.TestGameMap" time="0.002"/>
  <testcase name="testShipsIstancesOnTheMap(): Test che verifica che tutte le istanze di nave siano presenti nella mappa" classname="it.uniba.elements.TestGameMap" time="0.001"/>
  <testcase name="repetition 1 of 20" classname="it.uniba.elements.TestGameMap" time="0.02"/>
  <testcase name="repetition 2 of 20" classname="it.uniba.elements.TestGameMap" time="0.019"/>
  <testcase name="repetition 3 of 20" classname="it.uniba.elements.TestGameMap" time="0.017"/>
  <testcase name="repetition 4 of 20" classname="it.uniba.elements.TestGameMap" time="0.005"/>
  <testcase name="repetition 5 of 20" classname="it.uniba.elements.TestGameMap" time="0.001"/>
  <testcase name="repetition 6 of 20" classname="it.uniba.elements.TestGameMap" time="0.007"/>
  <testcase name="repetition 7 of 20" classname="it.uniba.elements.TestGameMap" time="0.002"/>
  <testcase name="repetition 8 of 20" classname="it.uniba.elements.TestGameMap" time="0.054"/>
  <testcase name="repetition 9 of 20" classname="it.uniba.elements.TestGameMap" time="0.058"/>
  <testcase name="repetition 10 of 20" classname="it.uniba.elements.TestGameMap" time="0.014"/>
  <testcase name="repetition 11 of 20" classname="it.uniba.elements.TestGameMap" time="0.007"/>
  <testcase name="repetition 12 of 20" classname="it.uniba.elements.TestGameMap" time="0.002"/>
  <testcase name="repetition 13 of 20" classname="it.uniba.elements.TestGameMap" time="0.004"/>
  <testcase name="repetition 14 of 20" classname="it.uniba.elements.TestGameMap" time="0.162"/>
  <testcase name="repetition 15 of 20" classname="it.uniba.elements.TestGameMap" time="0.01"/>
  <testcase name="repetition 16 of 20" classname="it.uniba.elements.TestGameMap" time="0.005"/>
  <testcase name="repetition 17 of 20" classname="it.uniba.elements.TestGameMap" time="0.006"/>
  <testcase name="repetition 18 of 20" classname="it.uniba.elements.TestGameMap" time="0.005"/>
  <testcase name="repetition 19 of 20" classname="it.uniba.elements.TestGameMap" time="0.004"/>
  <testcase name="repetition 20 of 20" classname="it.uniba.elements.TestGameMap" time="0.004"/>
  <testcase name="testShotValidShotOnAlreadyShotSlotShouldReturnAlreadyShot: verifica che il risultato dello sparo sia ALREADY_SHOT" classname="it.uniba.elements.TestGameMap" time="0.004"/>
  <testcase name="testPlaceShipValidPlacementShouldNotThrownException():verifica che una nave sia stata posizionata senza lanciare eccezioni" classname="it.uniba.elements.TestGameMap" time="0.029"/>
  <testcase name="testShotValidShotOnShipShouldReturnHit(): verifica che il risultato dello sparo sia HIT" classname="it.uniba.elements.TestGameMap" time="0.041"/>
  <testcase name="testShipsIstancesOnTheMapNotLessThan10():Test che verifica che il numero di istanze di nave non siano al di sotto di 10" classname="it.uniba.elements.TestGameMap" time="0.005"/>
  <testcase name="repetition 1 of 20" classname="it.uniba.elements.TestGameMap" time="0.011"/>
  <testcase name="repetition 2 of 20" classname="it.uniba.elements.TestGameMap" time="0.071"/>
  <testcase name="repetition 3 of 20" classname="it.uniba.elements.TestGameMap" time="0.087"/>
  <testcase name="repetition 4 of 20" classname="it.uniba.elements.TestGameMap" time="0.02"/>
  <testcase name="repetition 5 of 20" classname="it.uniba.elements.TestGameMap" time="0.006"/>
  <testcase name="repetition 6 of 20" classname="it.uniba.elements.TestGameMap" time="0.006"/>
  <testcase name="repetition 7 of 20" classname="it.uniba.elements.TestGameMap" time="0.003"/>
  <testcase name="repetition 8 of 20" classname="it.uniba.elements.TestGameMap" time="0.044"/>
  <testcase name="repetition 9 of 20" classname="it.uniba.elements.TestGameMap" time="0.001"/>
  <testcase name="repetition 10 of 20" classname="it.uniba.elements.TestGameMap" time="0.001"/>
  <testcase name="repetition 11 of 20" classname="it.uniba.elements.TestGameMap" time="0.001"/>
  <testcase name="repetition 12 of 20" classname="it.uniba.elements.TestGameMap" time="0.003"/>
  <testcase name="repetition 13 of 20" classname="it.uniba.elements.TestGameMap" time="0.002"/>
  <testcase name="repetition 14 of 20" classname="it.uniba.elements.TestGameMap" time="0.001"/>
  <testcase name="repetition 15 of 20" classname="it.uniba.elements.TestGameMap" time="0.029"/>
  <testcase name="repetition 16 of 20" classname="it.uniba.elements.TestGameMap" time="0.001"/>
  <testcase name="repetition 17 of 20" classname="it.uniba.elements.TestGameMap" time="0.001"/>
  <testcase name="repetition 18 of 20" classname="it.uniba.elements.TestGameMap" time="0.009"/>
  <testcase name="repetition 19 of 20" classname="it.uniba.elements.TestGameMap" time="0.001"/>
  <testcase name="repetition 20 of 20" classname="it.uniba.elements.TestGameMap" time="0.001"/>
  <system-out><![CDATA[
Posizionando Navi 'Porta_Aerei' ... 
Posizionando Navi 'Corazzata' ... 
Posizionando Navi 'Incrociatore' ... 
Posizionando Navi 'Cacciator_Pediniere' ... 


Posizionando Navi 'Porta_Aerei' ... 
Posizionando Navi 'Corazzata' ... 
Posizionando Navi 'Incrociatore' ... 
Posizionando Navi 'Cacciator_Pediniere' ... 

Aborting.. generation failed.. resetting..


Posizionando Navi 'Porta_Aerei' ... 
Posizionando Navi 'Corazzata' ... 
Posizionando Navi 'Incrociatore' ... 
Posizionando Navi 'Cacciator_Pediniere' ... 


Posizionando Navi 'Porta_Aerei' ... 
Posizionando Navi 'Corazzata' ... 
Posizionando Navi 'Incrociatore' ... 
Posizionando Navi 'Cacciator_Pediniere' ... 

Aborting.. generation failed.. resetting..


Posizionando Navi 'Porta_Aerei' ... 
Posizionando Navi 'Corazzata' ... 
Posizionando Navi 'Incrociatore' ... 
Posizionando Navi 'Cacciator_Pediniere' ... 


Posizionando Navi 'Porta_Aerei' ... 
Posizionando Navi 'Corazzata' ... 
Posizionando Navi 'Incrociatore' ... 
Posizionando Navi 'Cacciator_Pediniere' ... 


Posizionando Navi 'Porta_Aerei' ... 
Posizionando Navi 'Corazzata' ... 
Posizionando Navi 'Incrociatore' ... 
Posizionando Navi 'Cacciator_Pediniere' ... 


Posizionando Navi 'Porta_Aerei' ... 
Posizionando Navi 'Corazzata' ... 
Posizionando Navi 'Incrociatore' ... 
Posizionando Navi 'Cacciator_Pediniere' ... 

Aborting.. generation failed.. resetting..


Posizionando Navi 'Porta_Aerei' ... 
Posizionando Navi 'Corazzata' ... 
Posizionando Navi 'Incrociatore' ... 
Posizionando Navi 'Cacciator_Pediniere' ... 


Posizionando Navi 'Porta_Aerei' ... 
Posizionando Navi 'Corazzata' ... 
Posizionando Navi 'Incrociatore' ... 
Posizionando Navi 'Cacciator_Pediniere' ... 


Posizionando Navi 'Porta_Aerei' ... 
Posizionando Navi 'Corazzata' ... 
Posizionando Navi 'Incrociatore' ... 
Posizionando Navi 'Cacciator_Pediniere' ... 


Posizionando Navi 'Porta_Aerei' ... 
Posizionando Navi 'Corazzata' ... 
Posizionando Navi 'Incrociatore' ... 
Posizionando Navi 'Cacciator_Pediniere' ... 


Posizionando Navi 'Porta_Aerei' ... 
Posizionando Navi 'Corazzata' ... 
Posizionando Navi 'Incrociatore' ... 
Posizionando Navi 'Cacciator_Pediniere' ... 


Posizionando Navi 'Porta_Aerei' ... 
Posizionando Navi 'Corazzata' ... 
Posizionando Navi 'Incrociatore' ... 
Posizionando Navi 'Cacciator_Pediniere' ... 

Aborting.. generation failed.. resetting..


Posizionando Navi 'Porta_Aerei' ... 
Posizionando Navi 'Corazzata' ... 
Posizionando Navi 'Incrociatore' ... 
Posizionando Navi 'Cacciator_Pediniere' ... 


Posizionando Navi 'Porta_Aerei' ... 
Posizionando Navi 'Corazzata' ... 
Posizionando Navi 'Incrociatore' ... 
Posizionando Navi 'Cacciator_Pediniere' ... 


Posizionando Navi 'Porta_Aerei' ... 
Posizionando Navi 'Corazzata' ... 
Posizionando Navi 'Incrociatore' ... 
Posizionando Navi 'Cacciator_Pediniere' ... 


Posizionando Navi 'Porta_Aerei' ... 
Posizionando Navi 'Corazzata' ... 
Posizionando Navi 'Incrociatore' ... 
Posizionando Navi 'Cacciator_Pediniere' ... 

Aborting.. generation failed.. resetting..


Posizionando Navi 'Porta_Aerei' ... 
Posizionando Navi 'Corazzata' ... 
Posizionando Navi 'Incrociatore' ... 
Posizionando Navi 'Cacciator_Pediniere' ... 


Posizionando Navi 'Porta_Aerei' ... 
Posizionando Navi 'Corazzata' ... 
Posizionando Navi 'Incrociatore' ... 
Posizionando Navi 'Cacciator_Pediniere' ... 


Posizionando Navi 'Porta_Aerei' ... 
Posizionando Navi 'Corazzata' ... 
Posizionando Navi 'Incrociatore' ... 
Posizionando Navi 'Cacciator_Pediniere' ... 


Posizionando Navi 'Porta_Aerei' ... 
Posizionando Navi 'Corazzata' ... 
Posizionando Navi 'Incrociatore' ... 
Posizionando Navi 'Cacciator_Pediniere' ... 

Aborting.. generation failed.. resetting..


Posizionando Navi 'Porta_Aerei' ... 
Posizionando Navi 'Corazzata' ... 
Posizionando Navi 'Incrociatore' ... 
Posizionando Navi 'Cacciator_Pediniere' ... 


Posizionando Navi 'Porta_Aerei' ... 
Posizionando Navi 'Corazzata' ... 
Posizionando Navi 'Incrociatore' ... 
Posizionando Navi 'Cacciator_Pediniere' ... 


Posizionando Navi 'Porta_Aerei' ... 
Posizionando Navi 'Corazzata' ... 
Posizionando Navi 'Incrociatore' ... 
Posizionando Navi 'Cacciator_Pediniere' ... 


Posizionando Navi 'Porta_Aerei' ... 
Posizionando Navi 'Corazzata' ... 
Posizionando Navi 'Incrociatore' ... 
Posizionando Navi 'Cacciator_Pediniere' ... 

Aborting.. generation failed.. resetting..


Posizionando Navi 'Porta_Aerei' ... 
Posizionando Navi 'Corazzata' ... 
Posizionando Navi 'Incrociatore' ... 
Posizionando Navi 'Cacciator_Pediniere' ... 


Posizionando Navi 'Porta_Aerei' ... 
Posizionando Navi 'Corazzata' ... 
Posizionando Navi 'Incrociatore' ... 
Posizionando Navi 'Cacciator_Pediniere' ... 


Posizionando Navi 'Porta_Aerei' ... 
Posizionando Navi 'Corazzata' ... 
Posizionando Navi 'Incrociatore' ... 
Posizionando Navi 'Cacciator_Pediniere' ... 


Posizionando Navi 'Porta_Aerei' ... 
Posizionando Navi 'Corazzata' ... 
Posizionando Navi 'Incrociatore' ... 
Posizionando Navi 'Cacciator_Pediniere' ... 


Posizionando Navi 'Porta_Aerei' ... 
Posizionando Navi 'Corazzata' ... 
Posizionando Navi 'Incrociatore' ... 
Posizionando Navi 'Cacciator_Pediniere' ... 


Posizionando Navi 'Porta_Aerei' ... 
Posizionando Navi 'Corazzata' ... 
Posizionando Navi 'Incrociatore' ... 
Posizionando Navi 'Cacciator_Pediniere' ... 


Posizionando Navi 'Porta_Aerei' ... 
Posizionando Navi 'Corazzata' ... 
Posizionando Navi 'Incrociatore' ... 
Posizionando Navi 'Cacciator_Pediniere' ... 

Aborting.. generation failed.. resetting..


Posizionando Navi 'Porta_Aerei' ... 
Posizionando Navi 'Corazzata' ... 
Posizionando Navi 'Incrociatore' ... 
Posizionando Navi 'Cacciator_Pediniere' ... 

Aborting.. generation failed.. resetting..


Posizionando Navi 'Porta_Aerei' ... 
Posizionando Navi 'Corazzata' ... 
Posizionando Navi 'Incrociatore' ... 
Posizionando Navi 'Cacciator_Pediniere' ... 


Posizionando Navi 'Porta_Aerei' ... 
Posizionando Navi 'Corazzata' ... 
Posizionando Navi 'Incrociatore' ... 
Posizionando Navi 'Cacciator_Pediniere' ... 


Posizionando Navi 'Porta_Aerei' ... 
Posizionando Navi 'Corazzata' ... 
Posizionando Navi 'Incrociatore' ... 
Posizionando Navi 'Cacciator_Pediniere' ... 


Posizionando Navi 'Porta_Aerei' ... 
Posizionando Navi 'Corazzata' ... 
Posizionando Navi 'Incrociatore' ... 
Posizionando Navi 'Cacciator_Pediniere' ... 


Posizionando Navi 'Porta_Aerei' ... 
Posizionando Navi 'Corazzata' ... 
Posizionando Navi 'Incrociatore' ... 
Posizionando Navi 'Cacciator_Pediniere' ... 

Aborting.. generation failed.. resetting..


Posizionando Navi 'Porta_Aerei' ... 
Posizionando Navi 'Corazzata' ... 
Posizionando Navi 'Incrociatore' ... 
Posizionando Navi 'Cacciator_Pediniere' ... 


Posizionando Navi 'Porta_Aerei' ... 
Posizionando Navi 'Corazzata' ... 
Posizionando Navi 'Incrociatore' ... 
Posizionando Navi 'Cacciator_Pediniere' ... 


Posizionando Navi 'Porta_Aerei' ... 
Posizionando Navi 'Corazzata' ... 
Posizionando Navi 'Incrociatore' ... 
Posizionando Navi 'Cacciator_Pediniere' ... 


Posizionando Navi 'Porta_Aerei' ... 
Posizionando Navi 'Corazzata' ... 
Posizionando Navi 'Incrociatore' ... 
Posizionando Navi 'Cacciator_Pediniere' ... 

Aborting.. generation failed.. resetting..


Posizionando Navi 'Porta_Aerei' ... 
Posizionando Navi 'Corazzata' ... 
Posizionando Navi 'Incrociatore' ... 
Posizionando Navi 'Cacciator_Pediniere' ... 


Posizionando Navi 'Porta_Aerei' ... 
Posizionando Navi 'Corazzata' ... 
Posizionando Navi 'Incrociatore' ... 
Posizionando Navi 'Cacciator_Pediniere' ... 


Posizionando Navi 'Porta_Aerei' ... 
Posizionando Navi 'Corazzata' ... 
Posizionando Navi 'Incrociatore' ... 
Posizionando Navi 'Cacciator_Pediniere' ... 


Posizionando Navi 'Porta_Aerei' ... 
Posizionando Navi 'Corazzata' ... 
Posizionando Navi 'Incrociatore' ... 
Posizionando Navi 'Cacciator_Pediniere' ... 


Posizionando Navi 'Porta_Aerei' ... 
Posizionando Navi 'Corazzata' ... 
Posizionando Navi 'Incrociatore' ... 
Posizionando Navi 'Cacciator_Pediniere' ... 


Posizionando Navi 'Porta_Aerei' ... 
Posizionando Navi 'Corazzata' ... 
Posizionando Navi 'Incrociatore' ... 
Posizionando Navi 'Cacciator_Pediniere' ... 


Posizionando Navi 'Porta_Aerei' ... 
Posizionando Navi 'Corazzata' ... 
Posizionando Navi 'Incrociatore' ... 
Posizionando Navi 'Cacciator_Pediniere' ... 


Posizionando Navi 'Porta_Aerei' ... 
Posizionando Navi 'Corazzata' ... 
Posizionando Navi 'Incrociatore' ... 
Posizionando Navi 'Cacciator_Pediniere' ... 

Aborting.. generation failed.. resetting..


Posizionando Navi 'Porta_Aerei' ... 
Posizionando Navi 'Corazzata' ... 
Posizionando Navi 'Incrociatore' ... 
Posizionando Navi 'Cacciator_Pediniere' ... 


Posizionando Navi 'Porta_Aerei' ... 
Posizionando Navi 'Corazzata' ... 
Posizionando Navi 'Incrociatore' ... 
Posizionando Navi 'Cacciator_Pediniere' ... 

Aborting.. generation failed.. resetting..


Posizionando Navi 'Porta_Aerei' ... 
Posizionando Navi 'Corazzata' ... 
Posizionando Navi 'Incrociatore' ... 
Posizionando Navi 'Cacciator_Pediniere' ... 


Posizionando Navi 'Porta_Aerei' ... 
Posizionando Navi 'Corazzata' ... 
Posizionando Navi 'Incrociatore' ... 
Posizionando Navi 'Cacciator_Pediniere' ... 

Aborting.. generation failed.. resetting..


Posizionando Navi 'Porta_Aerei' ... 
Posizionando Navi 'Corazzata' ... 
Posizionando Navi 'Incrociatore' ... 
Posizionando Navi 'Cacciator_Pediniere' ... 


Posizionando Navi 'Porta_Aerei' ... 
Posizionando Navi 'Corazzata' ... 
Posizionando Navi 'Incrociatore' ... 
Posizionando Navi 'Cacciator_Pediniere' ... 


Posizionando Navi 'Porta_Aerei' ... 
Posizionando Navi 'Corazzata' ... 
Posizionando Navi 'Incrociatore' ... 
Posizionando Navi 'Cacciator_Pediniere' ... 


Posizionando Navi 'Porta_Aerei' ... 
Posizionando Navi 'Corazzata' ... 
Posizionando Navi 'Incrociatore' ... 
Posizionando Navi 'Cacciator_Pediniere' ... 


Posizionando Navi 'Porta_Aerei' ... 
Posizionando Navi 'Corazzata' ... 
Posizionando Navi 'Incrociatore' ... 
Posizionando Navi 'Cacciator_Pediniere' ... 


Posizionando Navi 'Porta_Aerei' ... 
Posizionando Navi 'Corazzata' ... 
Posizionando Navi 'Incrociatore' ... 
Posizionando Navi 'Cacciator_Pediniere' ... 

Aborting.. generation failed.. resetting..


Posizionando Navi 'Porta_Aerei' ... 
Posizionando Navi 'Corazzata' ... 
Posizionando Navi 'Incrociatore' ... 
Posizionando Navi 'Cacciator_Pediniere' ... 

Aborting.. generation failed.. resetting..


Posizionando Navi 'Porta_Aerei' ... 
Posizionando Navi 'Corazzata' ... 
Posizionando Navi 'Incrociatore' ... 
Posizionando Navi 'Cacciator_Pediniere' ... 


Posizionando Navi 'Porta_Aerei' ... 
Posizionando Navi 'Corazzata' ... 
Posizionando Navi 'Incrociatore' ... 
Posizionando Navi 'Cacciator_Pediniere' ... 


Posizionando Navi 'Porta_Aerei' ... 
Posizionando Navi 'Corazzata' ... 
Posizionando Navi 'Incrociatore' ... 
Posizionando Navi 'Cacciator_Pediniere' ... 

Aborting.. generation failed.. resetting..


Posizionando Navi 'Porta_Aerei' ... 
Posizionando Navi 'Corazzata' ... 
Posizionando Navi 'Incrociatore' ... 
Posizionando Navi 'Cacciator_Pediniere' ... 

Aborting.. generation failed.. resetting..


Posizionando Navi 'Porta_Aerei' ... 
Posizionando Navi 'Corazzata' ... 
Posizionando Navi 'Incrociatore' ... 
Posizionando Navi 'Cacciator_Pediniere' ... 


Posizionando Navi 'Porta_Aerei' ... 
Posizionando Navi 'Corazzata' ... 
Posizionando Navi 'Incrociatore' ... 
Posizionando Navi 'Cacciator_Pediniere' ... 


Posizionando Navi 'Porta_Aerei' ... 
Posizionando Navi 'Corazzata' ... 
Posizionando Navi 'Incrociatore' ... 
Posizionando Navi 'Cacciator_Pediniere' ... 


Posizionando Navi 'Porta_Aerei' ... 
Posizionando Navi 'Corazzata' ... 
Posizionando Navi 'Incrociatore' ... 
Posizionando Navi 'Cacciator_Pediniere' ... 

Aborting.. generation failed.. resetting..


Posizionando Navi 'Porta_Aerei' ... 
Posizionando Navi 'Corazzata' ... 
Posizionando Navi 'Incrociatore' ... 
Posizionando Navi 'Cacciator_Pediniere' ... 


Posizionando Navi 'Porta_Aerei' ... 
Posizionando Navi 'Corazzata' ... 
Posizionando Navi 'Incrociatore' ... 
Posizionando Navi 'Cacciator_Pediniere' ... 


Posizionando Navi 'Porta_Aerei' ... 
Posizionando Navi 'Corazzata' ... 
Posizionando Navi 'Incrociatore' ... 
Posizionando Navi 'Cacciator_Pediniere' ... 


Posizionando Navi 'Porta_Aerei' ... 
Posizionando Navi 'Corazzata' ... 
Posizionando Navi 'Incrociatore' ... 
Posizionando Navi 'Cacciator_Pediniere' ... 


Posizionando Navi 'Porta_Aerei' ... 
Posizionando Navi 'Corazzata' ... 
Posizionando Navi 'Incrociatore' ... 
Posizionando Navi 'Cacciator_Pediniere' ... 


Posizionando Navi 'Porta_Aerei' ... 
Posizionando Navi 'Corazzata' ... 
Posizionando Navi 'Incrociatore' ... 
Posizionando Navi 'Cacciator_Pediniere' ... 


Posizionando Navi 'Porta_Aerei' ... 
Posizionando Navi 'Corazzata' ... 
Posizionando Navi 'Incrociatore' ... 
Posizionando Navi 'Cacciator_Pediniere' ... 


Posizionando Navi 'Porta_Aerei' ... 
Posizionando Navi 'Corazzata' ... 
Posizionando Navi 'Incrociatore' ... 
Posizionando Navi 'Cacciator_Pediniere' ... 


Posizionando Navi 'Porta_Aerei' ... 
Posizionando Navi 'Corazzata' ... 
Posizionando Navi 'Incrociatore' ... 
Posizionando Navi 'Cacciator_Pediniere' ... 

Aborting.. generation failed.. resetting..


Posizionando Navi 'Porta_Aerei' ... 
Posizionando Navi 'Corazzata' ... 
Posizionando Navi 'Incrociatore' ... 
Posizionando Navi 'Cacciator_Pediniere' ... 


Posizionando Navi 'Porta_Aerei' ... 
Posizionando Navi 'Corazzata' ... 
Posizionando Navi 'Incrociatore' ... 
Posizionando Navi 'Cacciator_Pediniere' ... 

Aborting.. generation failed.. resetting..


Posizionando Navi 'Porta_Aerei' ... 
Posizionando Navi 'Corazzata' ... 
Posizionando Navi 'Incrociatore' ... 
Posizionando Navi 'Cacciator_Pediniere' ... 


Posizionando Navi 'Porta_Aerei' ... 
Posizionando Navi 'Corazzata' ... 
Posizionando Navi 'Incrociatore' ... 
Posizionando Navi 'Cacciator_Pediniere' ... 


Posizionando Navi 'Porta_Aerei' ... 
Posizionando Navi 'Corazzata' ... 
Posizionando Navi 'Incrociatore' ... 
Posizionando Navi 'Cacciator_Pediniere' ... 


Posizionando Navi 'Porta_Aerei' ... 
Posizionando Navi 'Corazzata' ... 
Posizionando Navi 'Incrociatore' ... 
Posizionando Navi 'Cacciator_Pediniere' ... 


Posizionando Navi 'Porta_Aerei' ... 
Posizionando Navi 'Corazzata' ... 
Posizionando Navi 'Incrociatore' ... 
Posizionando Navi 'Cacciator_Pediniere' ... 


Posizionando Navi 'Porta_Aerei' ... 
Posizionando Navi 'Corazzata' ... 
Posizionando Navi 'Incrociatore' ... 
Posizionando Navi 'Cacciator_Pediniere' ... 

]]></system-out>
  <system-err><![CDATA[]]></system-err>
</testsuite>
