<?xml version="1.0" encoding="UTF-8"?>
<testsuite name="it.uniba.features.TestDifficulty" tests="2" skipped="0" failures="0" errors="0" timestamp="2023-07-17T08:27:58" hostname="ELIA_LAPTOP" time="0.004">
  <properties/>
  <testcase name="testGetName(): Test che verifica che il nome della difficoltà sia corretto" classname="it.uniba.features.TestDifficulty" time="0.001"/>
  <testcase name="testGetAttempts(): Test che verifica che il numero di tentativi sia corretto" classname="it.uniba.features.TestDifficulty" time="0.001"/>
  <system-out><![CDATA[]]></system-out>
  <system-err><![CDATA[]]></system-err>
</testsuite>
